<?xml version="1.0" encoding="UTF-8"?>
<!-- Generated by org.testng.reporters.JUnitReportReporter -->
<testsuite hostname="PC-C02X50H9JGH8" failures="0" tests="3" name="testcases.LoginTest" time="11.549" errors="0" timestamp="2022-03-22T19:13:33 AEDT" skipped="0">
  <testcase classname="testcases.LoginTest" name="LoginSuccessTest" time="3.167"/>
  <system-out/>
  <testcase classname="testcases.LoginTest" name="LoginSuccessTest_ExcelData" time="3.537"/>
  <system-out/>
  <testcase classname="testcases.LoginTest" name="LoginFailureTest" time="4.845"/>
  <system-out/>
</testsuite> <!-- testcases.LoginTest -->
