<?xml version="1.0" encoding="UTF-8"?>
<!-- Generated by org.testng.reporters.JUnitReportReporter -->
<testsuite skipped="0" hostname="PC-C02X50H9JGH8" name="testcases.LoginTest" tests="3" failures="0" timestamp="2022-03-23T21:06:16 AEDT" time="14.013" errors="0">
  <testcase name="LoginSuccessTest" time="4.267" classname="testcases.LoginTest"/>
  <system-out/>
  <testcase name="LoginFailureTest" time="5.406" classname="testcases.LoginTest"/>
  <system-out/>
  <testcase name="LoginSuccessTest_ExcelData" time="4.340" classname="testcases.LoginTest"/>
  <system-out/>
</testsuite> <!-- testcases.LoginTest -->
